TN:
SF:server.js
FN:108,(anonymous_0)
FN:112,(anonymous_1)
FN:130,(anonymous_2)
FNF:3
FNH:1
FNDA:1,(anonymous_0)
FNDA:0,(anonymous_1)
FNDA:0,(anonymous_2)
DA:1,3
DA:2,3
DA:3,3
DA:4,3
DA:5,3
DA:6,3
DA:7,3
DA:8,3
DA:9,3
DA:10,3
DA:12,3
DA:13,3
DA:15,3
DA:16,3
DA:17,3
DA:18,3
DA:19,3
DA:20,3
DA:21,3
DA:22,3
DA:23,3
DA:24,3
DA:25,3
DA:26,3
DA:28,3
DA:29,3
DA:31,3
DA:42,3
DA:43,0
DA:47,3
DA:48,3
DA:49,0
DA:52,3
DA:61,3
DA:68,3
DA:74,3
DA:80,3
DA:81,3
DA:82,3
DA:83,3
DA:85,3
DA:86,3
DA:88,3
DA:90,3
DA:95,3
DA:96,3
DA:97,3
DA:98,3
DA:99,3
DA:100,3
DA:101,3
DA:102,3
DA:103,3
DA:104,3
DA:105,3
DA:106,3
DA:108,3
DA:109,1
DA:112,3
DA:113,0
DA:115,0
DA:116,0
DA:117,0
DA:119,0
DA:122,0
DA:125,3
DA:127,3
DA:129,3
DA:130,0
DA:131,0
DA:135,3
LF:71
LH:61
BRDA:33,0,0,0
BRDA:33,0,1,3
BRDA:42,1,0,0
BRDA:42,1,1,3
BRDA:48,2,0,0
BRDA:48,2,1,3
BRDA:62,3,0,0
BRDA:62,3,1,3
BRDA:70,4,0,3
BRDA:70,4,1,0
BRDA:76,5,0,3
BRDA:76,5,1,0
BRDA:115,6,0,0
BRDA:115,6,1,0
BRDA:116,7,0,0
BRDA:116,7,1,0
BRDA:127,8,0,3
BRDA:127,8,1,0
BRDA:129,9,0,0
BRDA:129,9,1,3
BRF:20
BRH:8
end_of_record
TN:
SF:blockchain/storeHash.js
FN:1,storeOnBlockchain
FN:33,verifyOnBlockchain
FN:41,generateVerificationHash
FNF:3
FNH:0
FNDA:0,storeOnBlockchain
FNDA:0,verifyOnBlockchain
FNDA:0,generateVerificationHash
DA:2,0
DA:3,0
DA:4,0
DA:7,0
DA:8,0
DA:9,0
DA:11,0
DA:12,0
DA:14,0
DA:16,0
DA:23,0
DA:24,0
DA:26,0
DA:28,0
DA:29,0
DA:34,0
DA:35,0
DA:38,3
DA:39,3
DA:42,0
DA:43,0
DA:46,3
LF:22
LH:3
BRDA:2,0,0,0
BRDA:2,0,1,0
BRF:2
BRH:0
end_of_record
TN:
SF:config/db.js
FN:3,(anonymous_0)
FNF:1
FNH:0
FNDA:0,(anonymous_0)
DA:1,3
DA:3,3
DA:4,0
DA:5,0
DA:6,0
DA:8,0
DA:9,0
DA:13,3
LF:8
LH:3
BRF:0
BRH:0
end_of_record
TN:
SF:middleware/authMiddleware.js
FN:4,(anonymous_0)
FN:33,(anonymous_1)
FN:40,(anonymous_2)
FN:41,(anonymous_3)
FN:55,(anonymous_4)
FN:62,(anonymous_5)
FNF:6
FNH:2
FNDA:49,(anonymous_0)
FNDA:0,(anonymous_1)
FNDA:0,(anonymous_2)
FNDA:0,(anonymous_3)
FNDA:0,(anonymous_4)
FNDA:1,(anonymous_5)
DA:1,3
DA:2,3
DA:4,3
DA:7,49
DA:8,42
DA:9,42
DA:10,42
DA:11,41
DA:13,41
DA:14,0
DA:17,41
DA:18,0
DA:21,41
DA:23,1
DA:24,1
DA:28,49
DA:29,7
DA:33,3
DA:34,0
DA:35,0
DA:37,0
DA:40,3
DA:41,0
DA:42,0
DA:44,0
DA:45,0
DA:51,0
DA:55,3
DA:56,0
DA:57,0
DA:59,0
DA:62,3
DA:63,1
DA:68,3
LF:34
LH:21
BRDA:7,0,0,42
BRDA:7,0,1,7
BRDA:7,1,0,49
BRDA:7,1,1,42
BRDA:13,2,0,0
BRDA:13,2,1,41
BRDA:17,3,0,0
BRDA:17,3,1,41
BRDA:28,4,0,7
BRDA:28,4,1,42
BRDA:34,5,0,0
BRDA:34,5,1,0
BRDA:34,6,0,0
BRDA:34,6,1,0
BRDA:40,7,0,0
BRDA:42,8,0,0
BRDA:42,8,1,0
BRDA:44,9,0,0
BRDA:44,9,1,0
BRDA:56,10,0,0
BRDA:56,10,1,0
BRDA:64,11,0,1
BRDA:64,11,1,0
BRF:23
BRH:9
end_of_record
TN:
SF:models/Chat.js
FNF:0
FNH:0
DA:1,3
DA:3,3
DA:10,3
DA:24,3
DA:25,3
DA:27,3
LF:6
LH:6
BRF:0
BRH:0
end_of_record
TN:
SF:models/Match.js
FNF:0
FNH:0
DA:1,3
DA:3,3
DA:43,3
DA:45,3
LF:4
LH:4
BRF:0
BRH:0
end_of_record
TN:
SF:models/Report.js
FNF:0
FNH:0
DA:1,3
DA:3,3
DA:28,3
DA:29,3
DA:31,3
LF:5
LH:5
BRF:0
BRH:0
end_of_record
TN:
SF:models/Review.js
FNF:0
FNH:0
DA:1,4
DA:3,4
DA:22,4
DA:23,4
DA:25,4
LF:5
LH:5
BRF:0
BRH:0
end_of_record
TN:
SF:models/User.js
FN:111,(anonymous_0)
FN:119,(anonymous_1)
FNF:2
FNH:2
FNDA:110,(anonymous_0)
FNDA:3,(anonymous_1)
DA:1,4
DA:2,4
DA:4,4
DA:25,4
DA:36,4
DA:47,4
DA:111,4
DA:112,110
DA:113,10
DA:115,110
DA:116,110
DA:119,4
DA:120,3
DA:123,4
LF:14
LH:14
BRDA:112,0,0,10
BRDA:112,0,1,100
BRF:2
BRH:2
end_of_record
TN:
SF:routes/admin.js
FN:7,(anonymous_0)
FN:17,(anonymous_1)
FN:30,(anonymous_2)
FN:56,(anonymous_3)
FNF:4
FNH:0
FNDA:0,(anonymous_0)
FNDA:0,(anonymous_1)
FNDA:0,(anonymous_2)
FNDA:0,(anonymous_3)
DA:1,3
DA:2,3
DA:3,3
DA:4,3
DA:5,3
DA:7,3
DA:8,0
DA:9,0
DA:10,0
DA:12,0
DA:13,0
DA:17,3
DA:18,0
DA:19,0
DA:23,0
DA:25,0
DA:26,0
DA:30,3
DA:31,0
DA:32,0
DA:34,0
DA:45,0
DA:46,0
DA:49,0
DA:51,0
DA:52,0
DA:56,3
DA:57,0
DA:58,0
DA:59,0
DA:60,0
DA:61,0
DA:63,0
DA:70,0
DA:71,0
DA:75,3
LF:36
LH:10
BRDA:40,0,0,0
BRDA:40,0,1,0
BRDA:40,1,0,0
BRDA:40,1,1,0
BRDA:45,2,0,0
BRDA:45,2,1,0
BRDA:45,3,0,0
BRDA:45,3,1,0
BRF:8
BRH:0
end_of_record
TN:
SF:routes/agreement.js
FN:8,(anonymous_0)
FN:41,(anonymous_1)
FNF:2
FNH:0
FNDA:0,(anonymous_0)
FNDA:0,(anonymous_1)
DA:1,3
DA:2,3
DA:3,3
DA:4,3
DA:5,3
DA:6,3
DA:8,3
DA:9,0
DA:10,0
DA:12,0
DA:13,0
DA:14,0
DA:17,0
DA:18,0
DA:20,0
DA:31,0
DA:32,0
DA:34,0
DA:36,0
DA:37,0
DA:41,3
DA:42,0
DA:43,0
DA:44,0
DA:45,0
DA:48,0
DA:50,0
DA:51,0
DA:52,0
DA:54,0
DA:55,0
DA:59,3
LF:32
LH:9
BRDA:13,0,0,0
BRDA:13,0,1,0
BRDA:13,1,0,0
BRDA:13,1,1,0
BRDA:44,2,0,0
BRDA:44,2,1,0
BRDA:44,3,0,0
BRDA:44,3,1,0
BRF:8
BRH:0
end_of_record
TN:
SF:routes/auth.js
FN:9,(anonymous_0)
FN:23,(anonymous_1)
FN:63,(anonymous_2)
FN:88,(anonymous_3)
FN:125,(anonymous_4)
FN:163,(anonymous_5)
FN:173,(anonymous_6)
FN:203,(anonymous_7)
FNF:8
FNH:7
FNDA:14,(anonymous_0)
FNDA:5,(anonymous_1)
FNDA:3,(anonymous_2)
FNDA:3,(anonymous_3)
FNDA:4,(anonymous_4)
FNDA:0,(anonymous_5)
FNDA:3,(anonymous_6)
FNDA:3,(anonymous_7)
DA:1,3
DA:2,3
DA:3,3
DA:4,3
DA:5,3
DA:6,3
DA:7,3
DA:9,3
DA:10,14
DA:11,14
DA:12,5
DA:14,9
DA:17,3
DA:24,5
DA:25,5
DA:27,5
DA:28,5
DA:29,1
DA:32,4
DA:33,4
DA:34,1
DA:37,3
DA:38,3
DA:40,3
DA:50,3
DA:52,3
DA:58,0
DA:59,0
DA:63,3
DA:64,3
DA:65,3
DA:67,3
DA:72,3
DA:73,2
DA:76,1
DA:77,1
DA:78,1
DA:79,1
DA:81,1
DA:83,0
DA:84,0
DA:88,3
DA:89,3
DA:90,3
DA:92,3
DA:93,0
DA:96,3
DA:98,3
DA:99,1
DA:102,2
DA:103,1
DA:106,1
DA:107,1
DA:109,1
DA:110,1
DA:111,1
DA:113,1
DA:115,1
DA:117,0
DA:118,0
DA:122,3
DA:126,4
DA:127,4
DA:129,4
DA:131,4
DA:132,1
DA:135,3
DA:136,3
DA:137,1
DA:140,2
DA:141,1
DA:148,1
DA:158,0
DA:159,0
DA:163,3
DA:164,0
DA:165,0
DA:166,0
DA:168,0
DA:169,0
DA:173,3
DA:174,3
DA:175,3
DA:177,3
DA:178,1
DA:181,2
DA:183,2
DA:184,1
DA:187,1
DA:188,1
DA:190,1
DA:191,1
DA:192,1
DA:194,1
DA:196,1
DA:198,0
DA:199,0
DA:203,3
DA:204,3
DA:205,3
DA:206,3
DA:208,3
DA:209,1
DA:212,2
DA:217,2
DA:218,1
DA:221,1
DA:222,1
DA:223,1
DA:224,1
DA:226,1
DA:228,0
DA:229,0
DA:233,3
LF:114
LH:96
BRDA:11,0,0,5
BRDA:11,0,1,9
BRDA:28,1,0,1
BRDA:28,1,1,4
BRDA:33,2,0,1
BRDA:33,2,1,3
BRDA:72,3,0,2
BRDA:72,3,1,1
BRDA:92,4,0,0
BRDA:92,4,1,3
BRDA:98,5,0,1
BRDA:98,5,1,2
BRDA:102,6,0,1
BRDA:102,6,1,1
BRDA:131,7,0,1
BRDA:131,7,1,3
BRDA:136,8,0,1
BRDA:136,8,1,2
BRDA:140,9,0,1
BRDA:140,9,1,1
BRDA:177,10,0,1
BRDA:177,10,1,2
BRDA:183,11,0,1
BRDA:183,11,1,1
BRDA:208,12,0,1
BRDA:208,12,1,2
BRDA:208,13,0,3
BRDA:208,13,1,3
BRDA:217,14,0,1
BRDA:217,14,1,1
BRF:30
BRH:29
end_of_record
TN:
SF:routes/chat.js
FN:7,(anonymous_0)
FN:20,(anonymous_1)
FN:31,(anonymous_2)
FNF:3
FNH:3
FNDA:6,(anonymous_0)
FNDA:6,(anonymous_1)
FNDA:7,(anonymous_2)
DA:1,3
DA:2,3
DA:3,3
DA:4,3
DA:7,3
DA:8,6
DA:9,6
DA:12,6
DA:14,0
DA:15,0
DA:20,3
DA:21,6
DA:22,6
DA:25,6
DA:26,1
DA:30,5
DA:31,7
DA:33,5
DA:34,1
DA:38,4
DA:39,3
DA:41,1
DA:43,4
DA:45,4
DA:47,0
DA:48,0
DA:52,3
LF:27
LH:23
BRDA:25,0,0,1
BRDA:25,0,1,5
BRDA:33,1,0,1
BRDA:33,1,1,4
BRDA:38,2,0,3
BRDA:38,2,1,1
BRF:6
BRH:6
end_of_record
TN:
SF:routes/liveness.js
FN:11,(anonymous_0)
FN:14,(anonymous_1)
FN:20,(anonymous_2)
FN:37,(anonymous_3)
FN:61,(anonymous_4)
FN:90,(anonymous_5)
FNF:6
FNH:0
FNDA:0,(anonymous_0)
FNDA:0,(anonymous_1)
FNDA:0,(anonymous_2)
FNDA:0,(anonymous_3)
FNDA:0,(anonymous_4)
FNDA:0,(anonymous_5)
DA:1,3
DA:2,3
DA:3,3
DA:4,3
DA:5,3
DA:6,3
DA:7,3
DA:8,3
DA:10,3
DA:12,0
DA:15,0
DA:16,0
DA:20,3
DA:21,0
DA:22,0
DA:23,0
DA:25,0
DA:26,0
DA:28,0
DA:31,3
DA:37,3
DA:38,0
DA:39,0
DA:40,0
DA:43,0
DA:45,0
DA:46,0
DA:47,0
DA:48,0
DA:50,0
DA:56,0
DA:57,0
DA:61,3
DA:62,0
DA:63,0
DA:65,0
DA:66,0
DA:69,0
DA:71,0
DA:72,0
DA:73,0
DA:74,0
DA:76,0
DA:78,0
DA:85,0
DA:86,0
DA:90,3
DA:91,0
DA:92,0
DA:93,0
DA:99,0
DA:100,0
DA:104,3
LF:53
LH:15
BRDA:25,0,0,0
BRDA:25,0,1,0
BRDA:25,1,0,0
BRDA:25,1,1,0
BRDA:39,2,0,0
BRDA:39,2,1,0
BRDA:65,3,0,0
BRDA:65,3,1,0
BRF:8
BRH:0
end_of_record
TN:
SF:routes/match.js
FN:9,(anonymous_0)
FN:41,(anonymous_1)
FN:49,(anonymous_2)
FN:59,(anonymous_3)
FN:119,(anonymous_4)
FN:158,(anonymous_5)
FNF:6
FNH:6
FNDA:5,(anonymous_0)
FNDA:3,(anonymous_1)
FNDA:1,(anonymous_2)
FNDA:4,(anonymous_3)
FNDA:1,(anonymous_4)
FNDA:1,(anonymous_5)
DA:1,3
DA:2,3
DA:3,3
DA:4,3
DA:5,3
DA:6,3
DA:9,3
DA:10,5
DA:11,5
DA:13,5
DA:14,1
DA:20,4
DA:24,4
DA:25,4
DA:26,4
DA:29,4
DA:31,4
DA:40,4
DA:42,3
DA:47,3
DA:49,1
DA:51,4
DA:53,0
DA:54,0
DA:59,3
DA:60,4
DA:61,4
DA:62,4
DA:64,4
DA:65,4
DA:66,1
DA:69,3
DA:72,3
DA:79,3
DA:82,1
DA:85,1
DA:86,1
DA:87,0
DA:88,0
DA:91,1
DA:92,1
DA:95,2
DA:101,2
DA:110,3
DA:111,3
DA:113,0
DA:114,0
DA:119,3
DA:120,1
DA:121,1
DA:122,1
DA:124,1
DA:131,1
DA:132,0
DA:133,0
DA:134,0
DA:136,1
DA:141,1
DA:150,1
DA:152,0
DA:153,0
DA:158,3
DA:159,1
DA:160,1
DA:167,1
DA:169,0
DA:170,0
DA:174,3
LF:68
LH:55
BRDA:13,0,0,1
BRDA:13,0,1,4
BRDA:13,1,0,5
BRDA:13,1,1,4
BRDA:13,1,2,4
BRDA:20,2,0,0
BRDA:20,2,1,4
BRDA:29,3,0,4
BRDA:29,3,1,0
BRDA:65,4,0,1
BRDA:65,4,1,3
BRDA:79,5,0,1
BRDA:79,5,1,2
BRDA:82,6,0,1
BRDA:82,6,1,1
BRDA:82,6,2,0
BRDA:82,6,3,0
BRDA:85,7,0,1
BRDA:85,7,1,0
BRDA:87,8,0,0
BRDA:87,8,1,0
BRDA:87,9,0,0
BRDA:87,9,1,0
BRDA:111,10,0,1
BRDA:111,10,1,2
BRDA:131,11,0,0
BRDA:131,11,1,1
BRDA:138,12,0,1
BRDA:138,12,1,0
BRF:29
BRH:18
end_of_record
TN:
SF:routes/otp.js
FN:8,(anonymous_0)
FN:48,(anonymous_1)
FN:93,(anonymous_2)
FNF:3
FNH:3
FNDA:5,(anonymous_0)
FNDA:3,(anonymous_1)
FNDA:1,(anonymous_2)
DA:1,3
DA:2,3
DA:3,3
DA:4,3
DA:5,3
DA:6,3
DA:8,3
DA:9,5
DA:10,5
DA:12,5
DA:13,1
DA:16,4
DA:17,1
DA:20,3
DA:22,3
DA:23,3
DA:24,0
DA:27,3
DA:28,3
DA:30,3
DA:31,3
DA:32,3
DA:33,3
DA:35,3
DA:37,3
DA:43,0
DA:44,0
DA:48,3
DA:49,3
DA:50,3
DA:52,3
DA:53,0
DA:56,3
DA:58,3
DA:59,1
DA:62,2
DA:63,0
DA:66,2
DA:67,0
DA:70,2
DA:71,1
DA:74,1
DA:75,1
DA:76,1
DA:77,1
DA:78,1
DA:80,1
DA:82,1
DA:88,0
DA:89,0
DA:93,3
DA:94,1
DA:95,1
DA:96,1
DA:101,0
DA:102,0
DA:106,3
LF:57
LH:47
BRDA:12,0,0,1
BRDA:12,0,1,4
BRDA:16,1,0,1
BRDA:16,1,1,3
BRDA:23,2,0,0
BRDA:23,2,1,3
BRDA:52,3,0,0
BRDA:52,3,1,3
BRDA:52,4,0,3
BRDA:52,4,1,3
BRDA:58,5,0,1
BRDA:58,5,1,2
BRDA:62,6,0,0
BRDA:62,6,1,2
BRDA:62,7,0,2
BRDA:62,7,1,2
BRDA:66,8,0,0
BRDA:66,8,1,2
BRDA:70,9,0,1
BRDA:70,9,1,1
BRF:20
BRH:16
end_of_record
TN:
SF:routes/profile.js
FN:11,(anonymous_0)
FN:14,(anonymous_1)
FN:20,(anonymous_2)
FN:37,(anonymous_3)
FN:47,(anonymous_4)
FN:65,(anonymous_5)
FN:100,(anonymous_6)
FN:152,(anonymous_7)
FN:170,(anonymous_8)
FNF:9
FNH:0
FNDA:0,(anonymous_0)
FNDA:0,(anonymous_1)
FNDA:0,(anonymous_2)
FNDA:0,(anonymous_3)
FNDA:0,(anonymous_4)
FNDA:0,(anonymous_5)
FNDA:0,(anonymous_6)
FNDA:0,(anonymous_7)
FNDA:0,(anonymous_8)
DA:1,3
DA:2,3
DA:3,3
DA:4,3
DA:5,3
DA:6,3
DA:7,3
DA:8,3
DA:10,3
DA:12,0
DA:15,0
DA:16,0
DA:20,3
DA:21,0
DA:22,0
DA:23,0
DA:25,0
DA:26,0
DA:28,0
DA:31,3
DA:37,3
DA:38,0
DA:39,0
DA:40,0
DA:42,0
DA:43,0
DA:47,3
DA:48,0
DA:49,0
DA:50,0
DA:53,0
DA:54,0
DA:55,0
DA:56,0
DA:58,0
DA:60,0
DA:61,0
DA:65,3
DA:66,0
DA:67,0
DA:68,0
DA:69,0
DA:72,0
DA:74,0
DA:75,0
DA:76,0
DA:77,0
DA:78,0
DA:79,0
DA:80,0
DA:81,0
DA:82,0
DA:84,0
DA:85,0
DA:95,0
DA:96,0
DA:100,3
DA:101,0
DA:102,0
DA:103,0
DA:104,0
DA:107,0
DA:109,0
DA:110,0
DA:112,0
DA:113,0
DA:115,0
DA:116,0
DA:118,0
DA:119,0
DA:121,0
DA:122,0
DA:124,0
DA:126,0
DA:128,0
DA:129,0
DA:130,0
DA:131,0
DA:132,0
DA:134,0
DA:138,0
DA:147,0
DA:148,0
DA:152,3
DA:153,0
DA:154,0
DA:155,0
DA:156,0
DA:159,0
DA:160,0
DA:162,0
DA:163,0
DA:165,0
DA:166,0
DA:170,3
DA:171,0
DA:172,0
DA:173,0
DA:174,0
DA:176,0
DA:178,0
DA:179,0
DA:183,3
LF:103
LH:18
BRDA:25,0,0,0
BRDA:25,0,1,0
BRDA:25,1,0,0
BRDA:25,1,1,0
BRDA:49,2,0,0
BRDA:49,2,1,0
BRDA:68,3,0,0
BRDA:68,3,1,0
BRDA:74,4,0,0
BRDA:74,4,1,0
BRDA:75,5,0,0
BRDA:75,5,1,0
BRDA:76,6,0,0
BRDA:76,6,1,0
BRDA:77,7,0,0
BRDA:77,7,1,0
BRDA:78,8,0,0
BRDA:78,8,1,0
BRDA:79,9,0,0
BRDA:79,9,1,0
BRDA:80,10,0,0
BRDA:80,10,1,0
BRDA:81,11,0,0
BRDA:81,11,1,0
BRDA:103,12,0,0
BRDA:103,12,1,0
BRDA:109,13,0,0
BRDA:109,13,1,0
BRDA:112,14,0,0
BRDA:112,14,1,0
BRDA:115,15,0,0
BRDA:115,15,1,0
BRDA:118,16,0,0
BRDA:118,16,1,0
BRDA:121,17,0,0
BRDA:121,17,1,0
BRDA:128,18,0,0
BRDA:128,18,1,0
BRDA:155,19,0,0
BRDA:155,19,1,0
BRDA:173,20,0,0
BRDA:173,20,1,0
BRF:42
BRH:0
end_of_record
TN:
SF:routes/report.js
FN:7,(anonymous_0)
FN:25,(anonymous_1)
FN:39,(anonymous_2)
FN:42,(anonymous_3)
FN:51,(anonymous_4)
FNF:5
FNH:2
FNDA:1,(anonymous_0)
FNDA:1,(anonymous_1)
FNDA:0,(anonymous_2)
FNDA:0,(anonymous_3)
FNDA:0,(anonymous_4)
DA:1,3
DA:2,3
DA:3,3
DA:4,3
DA:5,3
DA:7,3
DA:8,1
DA:9,1
DA:11,1
DA:18,1
DA:20,0
DA:21,0
DA:25,3
DA:26,1
DA:27,1
DA:28,1
DA:29,1
DA:30,1
DA:32,1
DA:34,0
DA:35,0
DA:39,3
DA:40,0
DA:41,0
DA:42,0
DA:43,0
DA:44,0
DA:46,0
DA:47,0
DA:51,3
DA:52,0
DA:53,0
DA:54,0
DA:56,0
DA:57,0
DA:61,3
LF:36
LH:20
BRDA:28,0,0,1
BRDA:28,0,1,0
BRF:2
BRH:1
end_of_record
TN:
SF:routes/review.js
FN:7,(anonymous_0)
FN:49,(anonymous_1)
FNF:2
FNH:2
FNDA:4,(anonymous_0)
FNDA:1,(anonymous_1)
DA:1,3
DA:2,3
DA:3,3
DA:4,3
DA:5,3
DA:7,3
DA:8,4
DA:9,4
DA:11,4
DA:15,4
DA:16,1
DA:19,3
DA:28,3
DA:30,3
DA:31,3
DA:33,3
DA:34,3
DA:35,3
DA:37,3
DA:42,3
DA:44,0
DA:45,0
DA:49,3
DA:50,1
DA:51,1
DA:54,1
DA:56,0
DA:57,0
DA:61,3
LF:29
LH:25
BRDA:15,0,0,1
BRDA:15,0,1,3
BRDA:34,1,0,3
BRDA:34,1,1,0
BRDA:34,2,0,3
BRDA:34,2,1,3
BRF:6
BRH:5
end_of_record
TN:
SF:routes/social.js
FN:7,(anonymous_0)
FN:32,(anonymous_1)
FN:61,(anonymous_2)
FNF:3
FNH:2
FNDA:1,(anonymous_0)
FNDA:0,(anonymous_1)
FNDA:2,(anonymous_2)
DA:1,3
DA:2,3
DA:3,3
DA:4,3
DA:5,3
DA:7,3
DA:8,1
DA:9,1
DA:11,1
DA:13,1
DA:14,1
DA:15,1
DA:16,1
DA:18,1
DA:19,1
DA:21,1
DA:27,0
DA:28,0
DA:32,3
DA:33,0
DA:34,0
DA:36,0
DA:37,0
DA:38,0
DA:41,0
DA:43,0
DA:44,0
DA:45,0
DA:46,0
DA:48,0
DA:50,0
DA:56,0
DA:57,0
DA:61,3
DA:62,2
DA:63,2
DA:64,2
DA:74,0
DA:75,0
DA:79,3
LF:40
LH:22
BRDA:13,0,0,1
BRDA:13,0,1,0
BRDA:13,1,0,1
BRDA:13,1,1,0
BRDA:14,2,0,1
BRDA:14,2,1,0
BRDA:14,3,0,1
BRDA:14,3,1,0
BRDA:15,4,0,0
BRDA:15,4,1,1
BRDA:15,5,0,0
BRDA:15,5,1,0
BRDA:16,6,0,0
BRDA:16,6,1,1
BRDA:16,7,0,0
BRDA:16,7,1,0
BRDA:37,8,0,0
BRDA:37,8,1,0
BRDA:51,9,0,0
BRDA:51,9,1,0
BRDA:67,10,0,0
BRDA:67,10,1,2
BRDA:68,11,0,0
BRDA:68,11,1,2
BRDA:69,12,0,0
BRDA:69,12,1,2
BRDA:70,13,0,0
BRDA:70,13,1,2
BRF:28
BRH:10
end_of_record
TN:
SF:routes/verification.js
FN:12,(anonymous_0)
FN:15,(anonymous_1)
FN:21,(anonymous_2)
FN:38,(anonymous_3)
FN:43,(anonymous_4)
FN:78,(anonymous_5)
FN:125,(anonymous_6)
FNF:7
FNH:0
FNDA:0,(anonymous_0)
FNDA:0,(anonymous_1)
FNDA:0,(anonymous_2)
FNDA:0,(anonymous_3)
FNDA:0,(anonymous_4)
FNDA:0,(anonymous_5)
FNDA:0,(anonymous_6)
DA:1,3
DA:2,3
DA:3,3
DA:4,3
DA:5,3
DA:6,3
DA:7,3
DA:8,3
DA:9,3
DA:11,3
DA:13,0
DA:16,0
DA:17,0
DA:21,3
DA:22,0
DA:23,0
DA:24,0
DA:26,0
DA:27,0
DA:29,0
DA:32,3
DA:38,3
DA:39,0
DA:40,0
DA:43,3
DA:44,0
DA:45,0
DA:46,0
DA:49,0
DA:51,0
DA:52,0
DA:53,0
DA:57,0
DA:58,0
DA:59,0
DA:60,0
DA:61,0
DA:62,0
DA:63,0
DA:65,0
DA:73,0
DA:74,0
DA:78,3
DA:79,0
DA:80,0
DA:82,0
DA:83,0
DA:86,0
DA:87,0
DA:90,0
DA:91,0
DA:92,0
DA:94,0
DA:95,0
DA:96,0
DA:98,0
DA:101,0
DA:102,0
DA:103,0
DA:104,0
DA:105,0
DA:106,0
DA:107,0
DA:109,0
DA:111,0
DA:120,0
DA:121,0
DA:125,3
DA:126,0
DA:127,0
DA:128,0
DA:137,0
DA:138,0
DA:142,3
LF:74
LH:17
BRDA:26,0,0,0
BRDA:26,0,1,0
BRDA:26,1,0,0
BRDA:26,1,1,0
BRDA:39,2,0,0
BRDA:39,2,1,0
BRDA:39,3,0,0
BRDA:39,3,1,0
BRDA:45,4,0,0
BRDA:45,4,1,0
BRDA:51,5,0,0
BRDA:51,5,1,0
BRDA:51,6,0,0
BRDA:51,6,1,0
BRDA:52,7,0,0
BRDA:52,7,1,0
BRDA:59,8,0,0
BRDA:59,8,1,0
BRDA:61,9,0,0
BRDA:61,9,1,0
BRDA:82,10,0,0
BRDA:82,10,1,0
BRDA:86,11,0,0
BRDA:86,11,1,0
BRF:24
BRH:0
end_of_record
TN:
SF:sockets/chatSocket.js
FN:4,setupChatSocket
FN:5,(anonymous_1)
FN:8,(anonymous_2)
FN:14,(anonymous_3)
FN:20,(anonymous_4)
FN:76,(anonymous_5)
FN:94,(anonymous_6)
FN:98,(anonymous_7)
FN:104,getChats
FNF:9
FNH:1
FNDA:3,setupChatSocket
FNDA:0,(anonymous_1)
FNDA:0,(anonymous_2)
FNDA:0,(anonymous_3)
FNDA:0,(anonymous_4)
FNDA:0,(anonymous_5)
FNDA:0,(anonymous_6)
FNDA:0,(anonymous_7)
FNDA:0,getChats
DA:1,3
DA:2,3
DA:5,3
DA:6,0
DA:8,0
DA:9,0
DA:10,0
DA:12,0
DA:13,0
DA:14,0
DA:15,0
DA:20,0
DA:21,0
DA:22,0
DA:24,0
DA:25,0
DA:26,0
DA:27,0
DA:30,0
DA:31,0
DA:32,0
DA:35,0
DA:39,0
DA:40,0
DA:46,0
DA:52,0
DA:53,0
DA:54,0
DA:56,0
DA:57,0
DA:59,0
DA:62,0
DA:64,0
DA:69,0
DA:71,0
DA:72,0
DA:76,0
DA:77,0
DA:78,0
DA:79,0
DA:81,0
DA:82,0
DA:84,0
DA:86,0
DA:88,0
DA:90,0
DA:94,0
DA:95,0
DA:98,0
DA:99,0
DA:105,0
DA:108,0
DA:111,3
LF:53
LH:4
BRDA:13,0,0,0
BRDA:13,0,1,0
BRDA:24,1,0,0
BRDA:24,1,1,0
BRDA:25,2,0,0
BRDA:25,2,1,0
BRDA:30,3,0,0
BRDA:30,3,1,0
BRDA:39,4,0,0
BRDA:39,4,1,0
BRDA:56,5,0,0
BRDA:56,5,1,0
BRDA:79,6,0,0
BRDA:79,6,1,0
BRDA:81,7,0,0
BRDA:81,7,1,0
BRF:16
BRH:0
end_of_record
TN:
SF:utils/aiSummary.js
FN:7,generateAISummary
FN:35,generateMockSummary
FNF:2
FNH:0
FNDA:0,generateAISummary
FNDA:0,generateMockSummary
DA:1,3
DA:3,3
DA:8,0
DA:9,0
DA:12,0
DA:22,0
DA:23,0
DA:28,0
DA:30,0
DA:31,0
DA:36,0
DA:38,0
DA:39,0
DA:40,0
DA:42,0
DA:43,0
DA:44,0
DA:46,0
DA:47,0
DA:49,0
DA:52,3
LF:21
LH:3
BRDA:8,0,0,0
BRDA:8,0,1,0
BRDA:19,1,0,0
BRDA:19,1,1,0
BRDA:28,2,0,0
BRDA:28,2,1,0
BRDA:38,3,0,0
BRDA:38,3,1,0
BRDA:39,4,0,0
BRDA:39,4,1,0
BRDA:42,5,0,0
BRDA:42,5,1,0
BRDA:43,6,0,0
BRDA:43,6,1,0
BRDA:46,7,0,0
BRDA:46,7,1,0
BRDA:47,8,0,0
BRDA:47,8,1,0
BRDA:49,9,0,0
BRDA:49,9,1,0
BRDA:49,10,0,0
BRDA:49,10,1,0
BRF:22
BRH:0
end_of_record
TN:
SF:utils/compatibility.js
FN:1,calculateCompatibility
FN:63,(anonymous_1)
FN:80,roundScores
FNF:3
FNH:3
FNDA:40,calculateCompatibility
FNDA:320,(anonymous_1)
FNDA:40,roundScores
DA:2,40
DA:13,40
DA:16,40
DA:18,37
DA:20,37
DA:23,3
DA:27,40
DA:35,40
DA:36,40
DA:39,40
DA:42,40
DA:43,36
DA:45,4
DA:49,40
DA:50,40
DA:53,40
DA:61,40
DA:63,320
DA:65,40
DA:74,40
DA:77,40
DA:81,40
DA:82,40
DA:83,320
DA:85,40
DA:88,4
LF:26
LH:26
BRDA:1,0,0,31
BRDA:3,1,0,40
BRDA:3,1,1,34
BRDA:4,2,0,40
BRDA:4,2,1,34
BRDA:5,3,0,40
BRDA:5,3,1,34
BRDA:6,4,0,40
BRDA:6,4,1,34
BRDA:7,5,0,40
BRDA:7,5,1,33
BRDA:8,6,0,40
BRDA:8,6,1,34
BRDA:9,7,0,40
BRDA:9,7,1,34
BRDA:10,8,0,40
BRDA:10,8,1,34
BRDA:16,9,0,37
BRDA:16,9,1,3
BRDA:16,10,0,40
BRDA:16,10,1,37
BRDA:19,11,0,37
BRDA:19,11,1,0
BRDA:19,12,0,37
BRDA:19,12,1,0
BRDA:28,13,0,36
BRDA:28,13,1,4
BRDA:30,14,0,1
BRDA:30,14,1,3
BRDA:30,15,0,4
BRDA:30,15,1,3
BRDA:35,16,0,40
BRDA:35,16,1,2
BRDA:35,17,0,40
BRDA:35,17,1,2
BRDA:39,18,0,36
BRDA:39,18,1,4
BRDA:42,19,0,36
BRDA:42,19,1,4
BRDA:42,20,0,40
BRDA:42,20,1,4
BRDA:45,21,0,3
BRDA:45,21,1,1
BRDA:49,22,0,40
BRDA:49,22,1,2
BRDA:49,23,0,40
BRDA:49,23,1,2
BRDA:54,24,0,36
BRDA:54,24,1,4
BRDA:56,25,0,1
BRDA:56,25,1,3
BRDA:56,26,0,4
BRDA:56,26,1,3
BRF:53
BRH:51
end_of_record
TN:
SF:utils/email.js
FN:13,(anonymous_0)
FN:47,(anonymous_1)
FN:69,(anonymous_2)
FNF:3
FNH:2
FNDA:4,(anonymous_0)
FNDA:0,(anonymous_1)
FNDA:1,(anonymous_2)
DA:1,3
DA:3,3
DA:13,3
DA:14,4
DA:16,4
DA:39,4
DA:40,4
DA:41,4
DA:43,0
DA:47,3
DA:48,0
DA:62,0
DA:63,0
DA:65,0
DA:69,3
DA:70,1
DA:72,1
DA:95,1
DA:96,1
DA:97,1
DA:99,0
DA:103,3
LF:22
LH:16
BRDA:4,0,0,3
BRDA:4,0,1,0
BRDA:5,1,0,3
BRDA:5,1,1,0
BRF:4
BRH:2
end_of_record
TN:
SF:utils/pdfGenerator.js
FN:3,generateAgreementPDF
FN:4,(anonymous_1)
FN:8,(anonymous_2)
FN:9,(anonymous_3)
FN:38,(anonymous_4)
FNF:5
FNH:0
FNDA:0,generateAgreementPDF
FNDA:0,(anonymous_1)
FNDA:0,(anonymous_2)
FNDA:0,(anonymous_3)
FNDA:0,(anonymous_4)
DA:1,3
DA:4,0
DA:5,0
DA:6,0
DA:8,0
DA:9,0
DA:10,0
DA:12,0
DA:13,0
DA:14,0
DA:15,0
DA:17,0
DA:18,0
DA:19,0
DA:20,0
DA:21,0
DA:22,0
DA:23,0
DA:25,0
DA:26,0
DA:27,0
DA:28,0
DA:30,0
DA:31,0
DA:32,0
DA:33,0
DA:35,0
DA:36,0
DA:37,0
DA:38,0
DA:39,0
DA:41,0
DA:44,0
DA:45,0
DA:46,0
DA:47,0
DA:48,0
DA:49,0
DA:50,0
DA:52,0
DA:53,0
DA:54,0
DA:55,0
DA:56,0
DA:57,0
DA:58,0
DA:59,0
DA:61,0
DA:63,0
DA:67,3
LF:50
LH:2
BRDA:35,0,0,0
BRDA:35,0,1,0
BRDA:35,1,0,0
BRDA:35,1,1,0
BRF:4
BRH:0
end_of_record
TN:
SF:utils/trustScore.js
FN:15,calculateTrustScore
FN:36,(anonymous_1)
FN:48,updateTrustScore
FN:54,getTrustBreakdown
FN:72,(anonymous_4)
FNF:5
FNH:5
FNDA:13,calculateTrustScore
FNDA:3,(anonymous_1)
FNDA:2,updateTrustScore
FNDA:5,getTrustBreakdown
FNDA:5,(anonymous_4)
DA:1,4
DA:2,4
DA:4,4
DA:16,13
DA:17,13
DA:19,12
DA:21,12
DA:22,12
DA:23,12
DA:24,12
DA:26,12
DA:27,12
DA:28,12
DA:29,12
DA:30,12
DA:32,12
DA:34,12
DA:35,12
DA:36,3
DA:37,2
DA:40,12
DA:41,12
DA:42,12
DA:43,12
DA:45,12
DA:49,2
DA:50,2
DA:51,2
DA:55,5
DA:65,5
DA:66,5
DA:67,5
DA:68,5
DA:69,5
DA:70,5
DA:72,5
DA:73,5
DA:74,5
DA:75,5
DA:76,5
DA:77,5
DA:78,5
DA:81,5
DA:84,4
LF:44
LH:44
BRDA:17,0,0,1
BRDA:17,0,1,12
BRDA:21,1,0,9
BRDA:21,1,1,3
BRDA:22,2,0,6
BRDA:22,2,1,6
BRDA:23,3,0,3
BRDA:23,3,1,9
BRDA:24,4,0,2
BRDA:24,4,1,10
BRDA:27,5,0,3
BRDA:27,5,1,9
BRDA:28,6,0,2
BRDA:28,6,1,10
BRDA:29,7,0,2
BRDA:29,7,1,10
BRDA:30,8,0,2
BRDA:30,8,1,10
BRDA:35,9,0,2
BRDA:35,9,1,10
BRDA:36,10,0,3
BRDA:36,10,1,0
BRDA:41,11,0,0
BRDA:41,11,1,12
BRDA:42,12,0,0
BRDA:42,12,1,12
BRDA:43,13,0,0
BRDA:43,13,1,12
BRDA:56,14,0,2
BRDA:56,14,1,3
BRDA:57,15,0,0
BRDA:57,15,1,5
BRDA:58,16,0,0
BRDA:58,16,1,5
BRDA:59,17,0,0
BRDA:59,17,1,5
BRDA:66,18,0,0
BRDA:66,18,1,5
BRDA:67,19,0,0
BRDA:67,19,1,5
BRDA:68,20,0,0
BRDA:68,20,1,5
BRDA:69,21,0,0
BRDA:69,21,1,5
BRDA:75,22,0,1
BRDA:75,22,1,4
BRDA:76,23,0,1
BRDA:76,23,1,4
BRDA:77,24,0,1
BRDA:77,24,1,4
BRF:50
BRH:39
end_of_record
